<?xml version="1.0" encoding="UTF-8"?>
<testsuite name="br.edu.utfpr.libex7.application.service.users.SaveUserServiceTest" tests="1" skipped="0" failures="0" errors="0" timestamp="2020-05-02T22:08:22" hostname="home-pc" time="0.06">
  <properties/>
  <testcase name="givenUserWhenSaveThenReturnSavedUser()" classname="br.edu.utfpr.libex7.application.service.users.SaveUserServiceTest" time="0.06"/>
  <system-out><![CDATA[]]></system-out>
  <system-err><![CDATA[]]></system-err>
</testsuite>
