<?xml version="1.0" encoding="UTF-8"?>
<testsuite name="br.edu.utfpr.libex7.application.service.users.SearchUserServiceTest" tests="2" skipped="0" failures="0" errors="0" timestamp="2020-05-02T18:58:53" hostname="home-pc" time="0.047">
  <properties/>
  <testcase name="givenFindAllMethodWhenIsCalledThenReturnUserList()" classname="br.edu.utfpr.libex7.application.service.users.SearchUserServiceTest" time="0.041"/>
  <testcase name="givenUserIdWhenSearchThenReturnUser()" classname="br.edu.utfpr.libex7.application.service.users.SearchUserServiceTest" time="0.005"/>
  <system-out><![CDATA[]]></system-out>
  <system-err><![CDATA[]]></system-err>
</testsuite>
