<?xml version="1.0" encoding="UTF-8"?>
<testsuite name="br.edu.utfpr.libex7.application.service.books.SearchBookServiceTest" tests="4" skipped="0" failures="0" errors="0" timestamp="2020-05-02T22:08:21" hostname="home-pc" time="0.062">
  <properties/>
  <testcase name="giveExistingBookWhenFindByIdThenReturnBook()" classname="br.edu.utfpr.libex7.application.service.books.SearchBookServiceTest" time="0.037"/>
  <testcase name="giveExistingBooksWhenFindByTitleThenReturnBook()" classname="br.edu.utfpr.libex7.application.service.books.SearchBookServiceTest" time="0.003"/>
  <testcase name="giveExistingBooksWhenFindAllThenReturnBook()" classname="br.edu.utfpr.libex7.application.service.books.SearchBookServiceTest" time="0.003"/>
  <testcase name="giveExistingBooksWhenFindByAuthorNameThenReturnBook()" classname="br.edu.utfpr.libex7.application.service.books.SearchBookServiceTest" time="0.016"/>
  <system-out><![CDATA[]]></system-out>
  <system-err><![CDATA[]]></system-err>
</testsuite>
