<?xml version="1.0" encoding="UTF-8"?>
<testsuite name="br.edu.utfpr.libex7.application.service.books.RemoveBookServiceTest" tests="1" skipped="0" failures="0" errors="0" timestamp="2020-05-02T22:08:21" hostname="home-pc" time="0.037">
  <properties/>
  <testcase name="givenBookIdWhenRemoveThenDoNothing()" classname="br.edu.utfpr.libex7.application.service.books.RemoveBookServiceTest" time="0.037"/>
  <system-out><![CDATA[]]></system-out>
  <system-err><![CDATA[]]></system-err>
</testsuite>
