<?xml version="1.0" encoding="UTF-8"?>
<testsuite name="br.edu.utfpr.libex7.application.service.users.RemoveUserServiceTest" tests="1" skipped="0" failures="0" errors="0" timestamp="2020-05-02T18:58:53" hostname="home-pc" time="0.029">
  <properties/>
  <testcase name="givenUserIdWhenRemoveThenDoNothing()" classname="br.edu.utfpr.libex7.application.service.users.RemoveUserServiceTest" time="0.029"/>
  <system-out><![CDATA[]]></system-out>
  <system-err><![CDATA[]]></system-err>
</testsuite>
