<?xml version="1.0" encoding="UTF-8"?>
<testsuite name="br.edu.utfpr.libex7.adapters.persistence.adapters.books.BookPersistenceAdapterTest" tests="5" skipped="0" failures="0" errors="0" timestamp="2020-05-05T02:07:56" hostname="DESKTOP-LUUQ2JI" time="0.093">
  <properties/>
  <testcase name="givenBookIdWhenNotExistsThenReturnBook()" classname="br.edu.utfpr.libex7.adapters.persistence.adapters.books.BookPersistenceAdapterTest" time="0.076"/>
  <testcase name="givenExistingBookWhenRemoveThenDoNothing()" classname="br.edu.utfpr.libex7.adapters.persistence.adapters.books.BookPersistenceAdapterTest" time="0.003"/>
  <testcase name="givenNewBookWhenSaveThenReturnSavedBook()" classname="br.edu.utfpr.libex7.adapters.persistence.adapters.books.BookPersistenceAdapterTest" time="0.007"/>
  <testcase name="givenFindAllMethodWhenIsCalledThenReturnBookList()" classname="br.edu.utfpr.libex7.adapters.persistence.adapters.books.BookPersistenceAdapterTest" time="0.003"/>
  <testcase name="givenBookIdWhenExistsThenReturnBook()" classname="br.edu.utfpr.libex7.adapters.persistence.adapters.books.BookPersistenceAdapterTest" time="0.001"/>
  <system-out><![CDATA[]]></system-out>
  <system-err><![CDATA[]]></system-err>
</testsuite>
