<?xml version="1.0" encoding="UTF-8"?>
<testsuite name="br.edu.utfpr.libex7.adapters.persistence.mapper.checkouts.CheckOutPersistenceMapperTest" tests="2" skipped="0" failures="0" errors="0" timestamp="2020-05-06T22:37:16" hostname="DESKTOP-LUUQ2JI" time="0.014">
  <properties/>
  <testcase name="givenCheckOutEntityWhenMapThenReturnCheckOutDomain()" classname="br.edu.utfpr.libex7.adapters.persistence.mapper.checkouts.CheckOutPersistenceMapperTest" time="0.011"/>
  <testcase name="givenCheckOutDomainWhenMapThenReturnCheckOutEntity()" classname="br.edu.utfpr.libex7.adapters.persistence.mapper.checkouts.CheckOutPersistenceMapperTest" time="0.002"/>
  <system-out><![CDATA[]]></system-out>
  <system-err><![CDATA[]]></system-err>
</testsuite>
