<?xml version="1.0" encoding="UTF-8"?>
<testsuite name="br.edu.utfpr.libex7.adapters.persistence.service.checkouts.CheckOutPersistenceServiceTest" tests="4" skipped="0" failures="0" errors="0" timestamp="2020-05-05T02:08:05" hostname="DESKTOP-LUUQ2JI" time="0.045">
  <properties/>
  <testcase name="givenCheckOutIdWhenExistsThenReturnCheckOut()" classname="br.edu.utfpr.libex7.adapters.persistence.service.checkouts.CheckOutPersistenceServiceTest" time="0.036"/>
  <testcase name="givenFindAllMethodWhenIsCalledThenReturnCheckOutList()" classname="br.edu.utfpr.libex7.adapters.persistence.service.checkouts.CheckOutPersistenceServiceTest" time="0.003"/>
  <testcase name="givenNewCheckOutWhenSaveThenReturnSavedCheckOut()" classname="br.edu.utfpr.libex7.adapters.persistence.service.checkouts.CheckOutPersistenceServiceTest" time="0.003"/>
  <testcase name="givenCheckOutIdWhenNotExistsThenReturnCheckOut()" classname="br.edu.utfpr.libex7.adapters.persistence.service.checkouts.CheckOutPersistenceServiceTest" time="0.002"/>
  <system-out><![CDATA[]]></system-out>
  <system-err><![CDATA[]]></system-err>
</testsuite>
