<?xml version="1.0" encoding="UTF-8"?>
<testsuite name="br.edu.utfpr.libex7.adapters.persistence.repository.copies.CopyRepositoryTest" tests="4" skipped="0" failures="0" errors="0" timestamp="2020-05-08T00:32:37" hostname="DESKTOP-LUUQ2JI" time="0.047">
  <properties/>
  <testcase name="givenExistingBooksWhenFindAllThenReturnBookList()" classname="br.edu.utfpr.libex7.adapters.persistence.repository.copies.CopyRepositoryTest" time="0.016"/>
  <testcase name="givenExistingBookWhenRemoveThenDoNothing()" classname="br.edu.utfpr.libex7.adapters.persistence.repository.copies.CopyRepositoryTest" time="0.007"/>
  <testcase name="givenNewBookWhenSaveThenReturnSavedBook()" classname="br.edu.utfpr.libex7.adapters.persistence.repository.copies.CopyRepositoryTest" time="0.015"/>
  <testcase name="givenExistingBookWhenFindByIdThenReturnBook()" classname="br.edu.utfpr.libex7.adapters.persistence.repository.copies.CopyRepositoryTest" time="0.007"/>
  <system-out><![CDATA[Hibernate: insert into TIPO_OBRA (CODIGO_TIPO_OBRA, DESCRICAO_TIPO_OBRA) values (null, ?)
Hibernate: insert into OBRA (CODIGO_OBRA, CODIGO_TIPO_OBRA, TITULO_OBRA, ANO_PUBLICACAO_OBRA) values (null, ?, ?, ?)
Hibernate: insert into EXEMPLAR (CODIGO_EXEMPLAR, DATA_AQUISICAO_EXEMPLAR, CODIGO_OBRA, CODIGO_SITUACAO_EXEMPLAR) values (null, ?, ?, ?)
Hibernate: select copyentity0_.CODIGO_EXEMPLAR as codigo_e1_5_, copyentity0_.DATA_AQUISICAO_EXEMPLAR as data_aqu2_5_, copyentity0_.CODIGO_OBRA as codigo_o4_5_, copyentity0_.CODIGO_SITUACAO_EXEMPLAR as codigo_s3_5_ from EXEMPLAR copyentity0_
Hibernate: insert into TIPO_OBRA (CODIGO_TIPO_OBRA, DESCRICAO_TIPO_OBRA) values (null, ?)
Hibernate: insert into OBRA (CODIGO_OBRA, CODIGO_TIPO_OBRA, TITULO_OBRA, ANO_PUBLICACAO_OBRA) values (null, ?, ?, ?)
Hibernate: insert into EXEMPLAR (CODIGO_EXEMPLAR, DATA_AQUISICAO_EXEMPLAR, CODIGO_OBRA, CODIGO_SITUACAO_EXEMPLAR) values (null, ?, ?, ?)
Hibernate: insert into TIPO_OBRA (CODIGO_TIPO_OBRA, DESCRICAO_TIPO_OBRA) values (null, ?)
Hibernate: insert into OBRA (CODIGO_OBRA, CODIGO_TIPO_OBRA, TITULO_OBRA, ANO_PUBLICACAO_OBRA) values (null, ?, ?, ?)
Hibernate: insert into EXEMPLAR (CODIGO_EXEMPLAR, DATA_AQUISICAO_EXEMPLAR, CODIGO_OBRA, CODIGO_SITUACAO_EXEMPLAR) values (null, ?, ?, ?)
Hibernate: insert into TIPO_OBRA (CODIGO_TIPO_OBRA, DESCRICAO_TIPO_OBRA) values (null, ?)
Hibernate: insert into OBRA (CODIGO_OBRA, CODIGO_TIPO_OBRA, TITULO_OBRA, ANO_PUBLICACAO_OBRA) values (null, ?, ?, ?)
Hibernate: insert into EXEMPLAR (CODIGO_EXEMPLAR, DATA_AQUISICAO_EXEMPLAR, CODIGO_OBRA, CODIGO_SITUACAO_EXEMPLAR) values (null, ?, ?, ?)
]]></system-out>
  <system-err><![CDATA[mai 07, 2020 9:32:37 PM org.hibernate.jpa.internal.util.LogHelper logPersistenceUnitInformation
INFO: HHH000204: Processing PersistenceUnitInfo [name: libex7]
mai 07, 2020 9:32:37 PM org.hibernate.engine.jdbc.connections.internal.DriverManagerConnectionProviderImpl configure
WARN: HHH10001002: Using Hibernate built-in connection pool (not for production use!)
mai 07, 2020 9:32:37 PM org.hibernate.engine.jdbc.connections.internal.DriverManagerConnectionProviderImpl buildCreator
INFO: HHH10001005: using driver [org.h2.Driver] at URL [jdbc:h2:mem:libex7db;MODE=MYSQL;DB_CLOSE_DELAY=-1;DB_CLOSE_ON_EXIT=FALSE;INIT=runscript from 'classpath:create_schema_libex7.sql']
mai 07, 2020 9:32:37 PM org.hibernate.engine.jdbc.connections.internal.DriverManagerConnectionProviderImpl buildCreator
INFO: HHH10001001: Connection properties: {user=sa, password=****}
mai 07, 2020 9:32:37 PM org.hibernate.engine.jdbc.connections.internal.DriverManagerConnectionProviderImpl buildCreator
INFO: HHH10001003: Autocommit mode: false
mai 07, 2020 9:32:37 PM org.hibernate.engine.jdbc.connections.internal.DriverManagerConnectionProviderImpl$PooledConnections <init>
INFO: HHH000115: Hibernate connection pool size: 20 (min=1)
mai 07, 2020 9:32:37 PM org.hibernate.dialect.Dialect <init>
INFO: HHH000400: Using dialect: org.hibernate.dialect.H2Dialect
mai 07, 2020 9:32:37 PM org.hibernate.mapping.RootClass checkCompositeIdentifier
WARN: HHH000038: Composite-id class does not override equals(): br.edu.utfpr.libex7.adapters.persistence.entity.checkouts.CheckOutEntity$CheckOutEntityId
mai 07, 2020 9:32:37 PM org.hibernate.mapping.RootClass checkCompositeIdentifier
WARN: HHH000039: Composite-id class does not override hashCode(): br.edu.utfpr.libex7.adapters.persistence.entity.checkouts.CheckOutEntity$CheckOutEntityId
mai 07, 2020 9:32:37 PM org.hibernate.mapping.RootClass checkCompositeIdentifier
WARN: HHH000038: Composite-id class does not override equals(): br.edu.utfpr.libex7.adapters.persistence.entity.users.UserEntity$PhoneEntity$PhoneEntityId
mai 07, 2020 9:32:37 PM org.hibernate.mapping.RootClass checkCompositeIdentifier
WARN: HHH000039: Composite-id class does not override hashCode(): br.edu.utfpr.libex7.adapters.persistence.entity.users.UserEntity$PhoneEntity$PhoneEntityId
mai 07, 2020 9:32:37 PM org.hibernate.tuple.PojoInstantiator <init>
INFO: HHH000182: No default (no-argument) constructor for class: br.edu.utfpr.libex7.adapters.persistence.entity.checkouts.CheckOutEntity$CheckInEntity (class must be instantiated by Interceptor)
mai 07, 2020 9:32:37 PM org.hibernate.engine.transaction.jta.platform.internal.JtaPlatformInitiator initiateService
INFO: HHH000490: Using JtaPlatform implementation: [org.hibernate.engine.transaction.jta.platform.internal.NoJtaPlatform]
]]></system-err>
</testsuite>
