<?xml version="1.0" encoding="UTF-8"?>
<testsuite name="br.edu.utfpr.libex7.adapters.persistence.repository.ConnectionFactoryTest" tests="1" skipped="0" failures="0" errors="0" timestamp="2020-05-03T19:29:40" hostname="home-pc" time="0.0">
  <properties/>
  <testcase name="givenGetInstanceMethodWhenIsCalledThenReturnConnection()" classname="br.edu.utfpr.libex7.adapters.persistence.repository.ConnectionFactoryTest" time="0.0"/>
  <system-out><![CDATA[]]></system-out>
  <system-err><![CDATA[]]></system-err>
</testsuite>
