<?xml version="1.0" encoding="UTF-8"?>
<testsuite name="br.edu.utfpr.libex7.adapters.persistence.repository.phones.PhoneRepositoryTest" tests="2" skipped="0" failures="0" errors="0" timestamp="2020-05-02T19:24:04" hostname="home-pc" time="0.791">
  <properties/>
  <testcase name="givenExistingUserWhenFindByUserIdThenReturnPhoneList()" classname="br.edu.utfpr.libex7.adapters.persistence.repository.phones.PhoneRepositoryTest" time="0.785"/>
  <testcase name="givenNewPhoneWhenSaveThenReturnSavedPhone()" classname="br.edu.utfpr.libex7.adapters.persistence.repository.phones.PhoneRepositoryTest" time="0.004"/>
  <system-out><![CDATA[]]></system-out>
  <system-err><![CDATA[]]></system-err>
</testsuite>
