<?xml version="1.0" encoding="UTF-8"?>
<testsuite name="br.edu.utfpr.libex7.adapters.persistence.adapters.phones.PhonePersistenceAdapterTest" tests="2" skipped="0" failures="0" errors="0" timestamp="2020-05-02T19:24:02" hostname="home-pc" time="0.727">
  <properties/>
  <testcase name="givenNewPhoneWhenSaveThenReturnSavedPhone()" classname="br.edu.utfpr.libex7.adapters.persistence.adapters.phones.PhonePersistenceAdapterTest" time="0.718"/>
  <testcase name="givenPhoneIdWhenSearchThenReturnPhone()" classname="br.edu.utfpr.libex7.adapters.persistence.adapters.phones.PhonePersistenceAdapterTest" time="0.008"/>
  <system-out><![CDATA[]]></system-out>
  <system-err><![CDATA[]]></system-err>
</testsuite>
