<?xml version="1.0" encoding="UTF-8"?>
<testsuite name="br.edu.utfpr.libex7.adapters.persistence.repository.authors.AuthorRepositoryTest" tests="4" skipped="0" failures="0" errors="0" timestamp="2020-05-08T17:03:06" hostname="DESKTOP-LUUQ2JI" time="0.578">
  <properties/>
  <testcase name="givenExistingAuthorWhenFindByIdThenReturnAuthor()" classname="br.edu.utfpr.libex7.adapters.persistence.repository.authors.AuthorRepositoryTest" time="0.232"/>
  <testcase name="givenExistingAuthorsWhenFindAllThenReturnAuthorList()" classname="br.edu.utfpr.libex7.adapters.persistence.repository.authors.AuthorRepositoryTest" time="0.334"/>
  <testcase name="givenExistingAuthorWhenRemoveThenDoNothing()" classname="br.edu.utfpr.libex7.adapters.persistence.repository.authors.AuthorRepositoryTest" time="0.008"/>
  <testcase name="givenNewAuthorWhenSaveThenReturnSavedAuthor()" classname="br.edu.utfpr.libex7.adapters.persistence.repository.authors.AuthorRepositoryTest" time="0.002"/>
  <system-out><![CDATA[Hibernate: insert into AUTOR (CODIGO_AUTOR, NOME_AUTOR) values (null, ?)
Hibernate: insert into AUTOR (CODIGO_AUTOR, NOME_AUTOR) values (null, ?)
Hibernate: select authorenti0_.CODIGO_AUTOR as codigo_a1_1_, authorenti0_.NOME_AUTOR as nome_aut2_1_ from AUTOR authorenti0_
Hibernate: insert into AUTOR (CODIGO_AUTOR, NOME_AUTOR) values (null, ?)
Hibernate: insert into AUTOR (CODIGO_AUTOR, NOME_AUTOR) values (null, ?)
]]></system-out>
  <system-err><![CDATA[mai 08, 2020 2:03:01 PM org.hibernate.jpa.internal.util.LogHelper logPersistenceUnitInformation
INFO: HHH000204: Processing PersistenceUnitInfo [name: libex7]
mai 08, 2020 2:03:01 PM org.hibernate.Version logVersion
INFO: HHH000412: Hibernate ORM core version 5.4.15.Final
mai 08, 2020 2:03:01 PM org.hibernate.annotations.common.reflection.java.JavaReflectionManager <clinit>
INFO: HCANN000001: Hibernate Commons Annotations {5.1.0.Final}
mai 08, 2020 2:03:02 PM org.hibernate.engine.jdbc.connections.internal.DriverManagerConnectionProviderImpl configure
WARN: HHH10001002: Using Hibernate built-in connection pool (not for production use!)
mai 08, 2020 2:03:02 PM org.hibernate.engine.jdbc.connections.internal.DriverManagerConnectionProviderImpl buildCreator
INFO: HHH10001005: using driver [org.h2.Driver] at URL [jdbc:h2:mem:libex7db;MODE=MYSQL;DB_CLOSE_DELAY=-1;DB_CLOSE_ON_EXIT=FALSE;INIT=runscript from 'classpath:create_schema_libex7.sql']
mai 08, 2020 2:03:02 PM org.hibernate.engine.jdbc.connections.internal.DriverManagerConnectionProviderImpl buildCreator
INFO: HHH10001001: Connection properties: {user=sa, password=****}
mai 08, 2020 2:03:02 PM org.hibernate.engine.jdbc.connections.internal.DriverManagerConnectionProviderImpl buildCreator
INFO: HHH10001003: Autocommit mode: false
mai 08, 2020 2:03:02 PM org.hibernate.engine.jdbc.connections.internal.DriverManagerConnectionProviderImpl$PooledConnections <init>
INFO: HHH000115: Hibernate connection pool size: 20 (min=1)
mai 08, 2020 2:03:03 PM org.hibernate.dialect.Dialect <init>
INFO: HHH000400: Using dialect: org.hibernate.dialect.H2Dialect
mai 08, 2020 2:03:05 PM org.hibernate.mapping.RootClass checkCompositeIdentifier
WARN: HHH000038: Composite-id class does not override equals(): br.edu.utfpr.libex7.adapters.persistence.entity.checkouts.CheckOutEntity$CheckOutEntityId
mai 08, 2020 2:03:05 PM org.hibernate.mapping.RootClass checkCompositeIdentifier
WARN: HHH000039: Composite-id class does not override hashCode(): br.edu.utfpr.libex7.adapters.persistence.entity.checkouts.CheckOutEntity$CheckOutEntityId
mai 08, 2020 2:03:05 PM org.hibernate.mapping.RootClass checkCompositeIdentifier
WARN: HHH000038: Composite-id class does not override equals(): br.edu.utfpr.libex7.adapters.persistence.entity.users.UserEntity$PhoneEntity$PhoneEntityId
mai 08, 2020 2:03:05 PM org.hibernate.mapping.RootClass checkCompositeIdentifier
WARN: HHH000039: Composite-id class does not override hashCode(): br.edu.utfpr.libex7.adapters.persistence.entity.users.UserEntity$PhoneEntity$PhoneEntityId
mai 08, 2020 2:03:05 PM org.hibernate.tuple.PojoInstantiator <init>
INFO: HHH000182: No default (no-argument) constructor for class: br.edu.utfpr.libex7.adapters.persistence.entity.checkouts.CheckOutEntity$CheckInEntity (class must be instantiated by Interceptor)
mai 08, 2020 2:03:05 PM org.hibernate.engine.transaction.jta.platform.internal.JtaPlatformInitiator initiateService
INFO: HHH000490: Using JtaPlatform implementation: [org.hibernate.engine.transaction.jta.platform.internal.NoJtaPlatform]
]]></system-err>
</testsuite>
