<?xml version="1.0" encoding="UTF-8"?>
<testsuite name="br.edu.utfpr.libex7.adapters.persistence.repository.checkouts.CheckOutRepositoryTest" tests="4" skipped="0" failures="0" errors="0" timestamp="2020-05-08T17:03:08" hostname="DESKTOP-LUUQ2JI" time="0.207">
  <properties/>
  <testcase name="givenExistingCheckOutWhenRemoveThenDoNothing()" classname="br.edu.utfpr.libex7.adapters.persistence.repository.checkouts.CheckOutRepositoryTest" time="0.037"/>
  <testcase name="givenExistingCheckOutsWhenFindAllThenReturnCheckOutList()" classname="br.edu.utfpr.libex7.adapters.persistence.repository.checkouts.CheckOutRepositoryTest" time="0.105"/>
  <testcase name="givenCheckOutBookWhenSaveThenReturnSavedCheckOut()" classname="br.edu.utfpr.libex7.adapters.persistence.repository.checkouts.CheckOutRepositoryTest" time="0.029"/>
  <testcase name="givenExistingCheckoutWhenFindByIdThenReturnCheckOut()" classname="br.edu.utfpr.libex7.adapters.persistence.repository.checkouts.CheckOutRepositoryTest" time="0.033"/>
  <system-out><![CDATA[Hibernate: insert into TIPO_OBRA (CODIGO_TIPO_OBRA, DESCRICAO_TIPO_OBRA) values (null, ?)
Hibernate: insert into OBRA (CODIGO_OBRA, CODIGO_TIPO_OBRA, TITULO_OBRA, ANO_PUBLICACAO_OBRA) values (null, ?, ?, ?)
Hibernate: insert into EXEMPLAR (CODIGO_EXEMPLAR, DATA_AQUISICAO_EXEMPLAR, CODIGO_OBRA, CODIGO_SITUACAO_EXEMPLAR) values (null, ?, ?, ?)
Hibernate: insert into USUARIO (CODIGO_USUARIO, DATA_NASCIMENTO_USUARIO, NOME_USUARIO) values (null, ?, ?)
Hibernate: insert into ALUNO (REGISTRO_ALUNO, CODIGO_USUARIO) values (?, ?)
Hibernate: select checkouten0_.DATA_EMPRESTIMO as data_emp1_3_0_, checkouten0_.CODIGO_USUARIO as codigo_u3_3_0_, checkouten0_.DATA_PREVISTA_DEVOLUCAO_EMPRESTIMO as data_pre2_3_0_ from EMPRESTIMO checkouten0_ where checkouten0_.DATA_EMPRESTIMO=? and checkouten0_.CODIGO_USUARIO=?
Hibernate: insert into EMPRESTIMO (DATA_PREVISTA_DEVOLUCAO_EMPRESTIMO, DATA_EMPRESTIMO, CODIGO_USUARIO) values (?, ?, ?)
Hibernate: insert into TIPO_OBRA (CODIGO_TIPO_OBRA, DESCRICAO_TIPO_OBRA) values (null, ?)
Hibernate: insert into OBRA (CODIGO_OBRA, CODIGO_TIPO_OBRA, TITULO_OBRA, ANO_PUBLICACAO_OBRA) values (null, ?, ?, ?)
Hibernate: insert into EXEMPLAR (CODIGO_EXEMPLAR, DATA_AQUISICAO_EXEMPLAR, CODIGO_OBRA, CODIGO_SITUACAO_EXEMPLAR) values (null, ?, ?, ?)
Hibernate: insert into USUARIO (CODIGO_USUARIO, DATA_NASCIMENTO_USUARIO, NOME_USUARIO) values (null, ?, ?)
Hibernate: insert into ALUNO (REGISTRO_ALUNO, CODIGO_USUARIO) values (?, ?)
Hibernate: select checkouten0_.DATA_EMPRESTIMO as data_emp1_3_0_, checkouten0_.CODIGO_USUARIO as codigo_u3_3_0_, checkouten0_.DATA_PREVISTA_DEVOLUCAO_EMPRESTIMO as data_pre2_3_0_ from EMPRESTIMO checkouten0_ where checkouten0_.DATA_EMPRESTIMO=? and checkouten0_.CODIGO_USUARIO=?
Hibernate: insert into EMPRESTIMO (DATA_PREVISTA_DEVOLUCAO_EMPRESTIMO, DATA_EMPRESTIMO, CODIGO_USUARIO) values (?, ?, ?)
Hibernate: select checkouten0_.DATA_EMPRESTIMO as data_emp1_3_, checkouten0_.CODIGO_USUARIO as codigo_u3_3_, checkouten0_.DATA_PREVISTA_DEVOLUCAO_EMPRESTIMO as data_pre2_3_ from EMPRESTIMO checkouten0_
Hibernate: select checkouten0_.DATA_DEVOLUCAO as data_dev1_2_1_, checkouten0_.DATA_EMPRESTIMO as data_emp2_2_1_, checkouten0_.CODIGO_USUARIO as codigo_u3_2_1_, checkouten1_.DATA_EMPRESTIMO as data_emp1_3_0_, checkouten1_.CODIGO_USUARIO as codigo_u3_3_0_, checkouten1_.DATA_PREVISTA_DEVOLUCAO_EMPRESTIMO as data_pre2_3_0_ from DEVOLUCAO checkouten0_ left outer join EMPRESTIMO checkouten1_ on checkouten0_.DATA_EMPRESTIMO=checkouten1_.DATA_EMPRESTIMO and checkouten0_.CODIGO_USUARIO=checkouten1_.CODIGO_USUARIO where checkouten0_.DATA_EMPRESTIMO=? and checkouten0_.CODIGO_USUARIO=?
Hibernate: insert into TIPO_OBRA (CODIGO_TIPO_OBRA, DESCRICAO_TIPO_OBRA) values (null, ?)
Hibernate: insert into OBRA (CODIGO_OBRA, CODIGO_TIPO_OBRA, TITULO_OBRA, ANO_PUBLICACAO_OBRA) values (null, ?, ?, ?)
Hibernate: insert into EXEMPLAR (CODIGO_EXEMPLAR, DATA_AQUISICAO_EXEMPLAR, CODIGO_OBRA, CODIGO_SITUACAO_EXEMPLAR) values (null, ?, ?, ?)
Hibernate: insert into USUARIO (CODIGO_USUARIO, DATA_NASCIMENTO_USUARIO, NOME_USUARIO) values (null, ?, ?)
Hibernate: insert into ALUNO (REGISTRO_ALUNO, CODIGO_USUARIO) values (?, ?)
Hibernate: select checkouten0_.DATA_EMPRESTIMO as data_emp1_3_0_, checkouten0_.CODIGO_USUARIO as codigo_u3_3_0_, checkouten0_.DATA_PREVISTA_DEVOLUCAO_EMPRESTIMO as data_pre2_3_0_ from EMPRESTIMO checkouten0_ where checkouten0_.DATA_EMPRESTIMO=? and checkouten0_.CODIGO_USUARIO=?
Hibernate: insert into EMPRESTIMO (DATA_PREVISTA_DEVOLUCAO_EMPRESTIMO, DATA_EMPRESTIMO, CODIGO_USUARIO) values (?, ?, ?)
Hibernate: insert into DEVOLUCAO (DATA_EMPRESTIMO, CODIGO_USUARIO, DATA_DEVOLUCAO) values (?, ?, ?)
Hibernate: insert into TIPO_OBRA (CODIGO_TIPO_OBRA, DESCRICAO_TIPO_OBRA) values (null, ?)
Hibernate: insert into OBRA (CODIGO_OBRA, CODIGO_TIPO_OBRA, TITULO_OBRA, ANO_PUBLICACAO_OBRA) values (null, ?, ?, ?)
Hibernate: insert into EXEMPLAR (CODIGO_EXEMPLAR, DATA_AQUISICAO_EXEMPLAR, CODIGO_OBRA, CODIGO_SITUACAO_EXEMPLAR) values (null, ?, ?, ?)
Hibernate: insert into USUARIO (CODIGO_USUARIO, DATA_NASCIMENTO_USUARIO, NOME_USUARIO) values (null, ?, ?)
Hibernate: insert into ALUNO (REGISTRO_ALUNO, CODIGO_USUARIO) values (?, ?)
Hibernate: select checkouten0_.DATA_EMPRESTIMO as data_emp1_3_0_, checkouten0_.CODIGO_USUARIO as codigo_u3_3_0_, checkouten0_.DATA_PREVISTA_DEVOLUCAO_EMPRESTIMO as data_pre2_3_0_ from EMPRESTIMO checkouten0_ where checkouten0_.DATA_EMPRESTIMO=? and checkouten0_.CODIGO_USUARIO=?
Hibernate: insert into EMPRESTIMO (DATA_PREVISTA_DEVOLUCAO_EMPRESTIMO, DATA_EMPRESTIMO, CODIGO_USUARIO) values (?, ?, ?)
]]></system-out>
  <system-err><![CDATA[mai 08, 2020 2:03:07 PM org.hibernate.jpa.internal.util.LogHelper logPersistenceUnitInformation
INFO: HHH000204: Processing PersistenceUnitInfo [name: libex7]
mai 08, 2020 2:03:08 PM org.hibernate.engine.jdbc.connections.internal.DriverManagerConnectionProviderImpl configure
WARN: HHH10001002: Using Hibernate built-in connection pool (not for production use!)
mai 08, 2020 2:03:08 PM org.hibernate.engine.jdbc.connections.internal.DriverManagerConnectionProviderImpl buildCreator
INFO: HHH10001005: using driver [org.h2.Driver] at URL [jdbc:h2:mem:libex7db;MODE=MYSQL;DB_CLOSE_DELAY=-1;DB_CLOSE_ON_EXIT=FALSE;INIT=runscript from 'classpath:create_schema_libex7.sql']
mai 08, 2020 2:03:08 PM org.hibernate.engine.jdbc.connections.internal.DriverManagerConnectionProviderImpl buildCreator
INFO: HHH10001001: Connection properties: {user=sa, password=****}
mai 08, 2020 2:03:08 PM org.hibernate.engine.jdbc.connections.internal.DriverManagerConnectionProviderImpl buildCreator
INFO: HHH10001003: Autocommit mode: false
mai 08, 2020 2:03:08 PM org.hibernate.engine.jdbc.connections.internal.DriverManagerConnectionProviderImpl$PooledConnections <init>
INFO: HHH000115: Hibernate connection pool size: 20 (min=1)
mai 08, 2020 2:03:08 PM org.hibernate.dialect.Dialect <init>
INFO: HHH000400: Using dialect: org.hibernate.dialect.H2Dialect
mai 08, 2020 2:03:08 PM org.hibernate.mapping.RootClass checkCompositeIdentifier
WARN: HHH000038: Composite-id class does not override equals(): br.edu.utfpr.libex7.adapters.persistence.entity.checkouts.CheckOutEntity$CheckOutEntityId
mai 08, 2020 2:03:08 PM org.hibernate.mapping.RootClass checkCompositeIdentifier
WARN: HHH000039: Composite-id class does not override hashCode(): br.edu.utfpr.libex7.adapters.persistence.entity.checkouts.CheckOutEntity$CheckOutEntityId
mai 08, 2020 2:03:08 PM org.hibernate.mapping.RootClass checkCompositeIdentifier
WARN: HHH000038: Composite-id class does not override equals(): br.edu.utfpr.libex7.adapters.persistence.entity.users.UserEntity$PhoneEntity$PhoneEntityId
mai 08, 2020 2:03:08 PM org.hibernate.mapping.RootClass checkCompositeIdentifier
WARN: HHH000039: Composite-id class does not override hashCode(): br.edu.utfpr.libex7.adapters.persistence.entity.users.UserEntity$PhoneEntity$PhoneEntityId
mai 08, 2020 2:03:08 PM org.hibernate.tuple.PojoInstantiator <init>
INFO: HHH000182: No default (no-argument) constructor for class: br.edu.utfpr.libex7.adapters.persistence.entity.checkouts.CheckOutEntity$CheckInEntity (class must be instantiated by Interceptor)
mai 08, 2020 2:03:08 PM org.hibernate.engine.transaction.jta.platform.internal.JtaPlatformInitiator initiateService
INFO: HHH000490: Using JtaPlatform implementation: [org.hibernate.engine.transaction.jta.platform.internal.NoJtaPlatform]
]]></system-err>
</testsuite>
