<?xml version="1.0" encoding="UTF-8"?>
<testsuite name="br.edu.utfpr.libex7.adapters.persistence.adapters.books.BookPersistenceAdapterTest" tests="5" skipped="0" failures="0" errors="0" timestamp="2020-05-04T21:35:57" hostname="DESKTOP-LUUQ2JI" time="0.132">
  <properties/>
  <testcase name="givenBookIdWhenNotExistsThenReturnBook()" classname="br.edu.utfpr.libex7.adapters.persistence.adapters.books.BookPersistenceAdapterTest" time="0.114"/>
  <testcase name="givenExistingBookWhenRemoveThenDoNothing()" classname="br.edu.utfpr.libex7.adapters.persistence.adapters.books.BookPersistenceAdapterTest" time="0.002"/>
  <testcase name="givenNewBookWhenSaveThenReturnSavedBook()" classname="br.edu.utfpr.libex7.adapters.persistence.adapters.books.BookPersistenceAdapterTest" time="0.006"/>
  <testcase name="givenFindAllMethodWhenIsCalledThenReturnBookList()" classname="br.edu.utfpr.libex7.adapters.persistence.adapters.books.BookPersistenceAdapterTest" time="0.004"/>
  <testcase name="givenBookIdWhenExistsThenReturnBook()" classname="br.edu.utfpr.libex7.adapters.persistence.adapters.books.BookPersistenceAdapterTest" time="0.003"/>
  <system-out><![CDATA[]]></system-out>
  <system-err><![CDATA[]]></system-err>
</testsuite>
