<?xml version="1.0" encoding="UTF-8"?>
<testsuite name="br.edu.utfpr.libex7.adapters.persistence.repository.users.EmployeeRepositoryTest" tests="4" skipped="0" failures="0" errors="0" timestamp="2020-05-02T19:24:04" hostname="home-pc" time="0.037">
  <properties/>
  <testcase name="givenNewUserWhenSaveThenReturnSavedUser()" classname="br.edu.utfpr.libex7.adapters.persistence.repository.users.EmployeeRepositoryTest" time="0.004"/>
  <testcase name="givenExistingUserWhenRemoveThenDoNothing()" classname="br.edu.utfpr.libex7.adapters.persistence.repository.users.EmployeeRepositoryTest" time="0.008"/>
  <testcase name="givenExistingUsersWhenFindAllThenReturnUserList()" classname="br.edu.utfpr.libex7.adapters.persistence.repository.users.EmployeeRepositoryTest" time="0.014"/>
  <testcase name="givenExistingUserWhenFindByIdThenReturnUser()" classname="br.edu.utfpr.libex7.adapters.persistence.repository.users.EmployeeRepositoryTest" time="0.007"/>
  <system-out><![CDATA[]]></system-out>
  <system-err><![CDATA[]]></system-err>
</testsuite>
