<?xml version="1.0" encoding="UTF-8"?>
<testsuite name="br.edu.utfpr.libex7.adapters.persistence.service.users.UserPersistenceServiceTest" tests="5" skipped="0" failures="0" errors="0" timestamp="2020-05-02T19:24:03" hostname="home-pc" time="0.061">
  <properties/>
  <testcase name="givenNewUserWhenSaveThenReturnSavedUser()" classname="br.edu.utfpr.libex7.adapters.persistence.service.users.UserPersistenceServiceTest" time="0.047"/>
  <testcase name="givenFindAllMethodWhenIsCalledThenReturnUserList()" classname="br.edu.utfpr.libex7.adapters.persistence.service.users.UserPersistenceServiceTest" time="0.002"/>
  <testcase name="givenExistingUserWhenRemoveThenDoNothing()" classname="br.edu.utfpr.libex7.adapters.persistence.service.users.UserPersistenceServiceTest" time="0.002"/>
  <testcase name="givenUserIdWhenExistsThenReturnUser()" classname="br.edu.utfpr.libex7.adapters.persistence.service.users.UserPersistenceServiceTest" time="0.004"/>
  <testcase name="givenUserIdWhenNotExistsThenReturnUser()" classname="br.edu.utfpr.libex7.adapters.persistence.service.users.UserPersistenceServiceTest" time="0.002"/>
  <system-out><![CDATA[]]></system-out>
  <system-err><![CDATA[]]></system-err>
</testsuite>
