<?xml version="1.0" encoding="UTF-8"?>
<testsuite name="br.edu.utfpr.libex7.adapters.persistence.mapper.authors.AuthorPersistenceMapperTest" tests="2" skipped="0" failures="0" errors="0" timestamp="2020-05-03T19:29:39" hostname="home-pc" time="0.022">
  <properties/>
  <testcase name="givenAuthorEntityWhenMapThenReturnAuthorDomain()" classname="br.edu.utfpr.libex7.adapters.persistence.mapper.authors.AuthorPersistenceMapperTest" time="0.016"/>
  <testcase name="givenAuthorDomainWhenMapThenReturnAuthorEntity()" classname="br.edu.utfpr.libex7.adapters.persistence.mapper.authors.AuthorPersistenceMapperTest" time="0.003"/>
  <system-out><![CDATA[]]></system-out>
  <system-err><![CDATA[]]></system-err>
</testsuite>
