<?xml version="1.0" encoding="UTF-8"?>
<testsuite name="br.edu.utfpr.libex7.adapters.persistence.repository.categories.CategoryRepositoryTest" tests="4" skipped="0" failures="0" errors="0" timestamp="2020-05-06T22:37:22" hostname="DESKTOP-LUUQ2JI" time="0.02">
  <properties/>
  <testcase name="givenExistingCategoryWhenRemoveThenDoNothing()" classname="br.edu.utfpr.libex7.adapters.persistence.repository.categories.CategoryRepositoryTest" time="0.004"/>
  <testcase name="givenExistingCategoryWhenFindByIdThenReturnCategory()" classname="br.edu.utfpr.libex7.adapters.persistence.repository.categories.CategoryRepositoryTest" time="0.003"/>
  <testcase name="givenNewCategoryWhenSaveThenReturnSavedCategory()" classname="br.edu.utfpr.libex7.adapters.persistence.repository.categories.CategoryRepositoryTest" time="0.002"/>
  <testcase name="givenExistingCategorysWhenFindAllThenReturnCategoryList()" classname="br.edu.utfpr.libex7.adapters.persistence.repository.categories.CategoryRepositoryTest" time="0.008"/>
  <system-out><![CDATA[Hibernate: insert into TIPO_OBRA (CODIGO_TIPO_OBRA, DESCRICAO_TIPO_OBRA) values (null, ?)
Hibernate: insert into TIPO_OBRA (CODIGO_TIPO_OBRA, DESCRICAO_TIPO_OBRA) values (null, ?)
Hibernate: insert into TIPO_OBRA (CODIGO_TIPO_OBRA, DESCRICAO_TIPO_OBRA) values (null, ?)
Hibernate: insert into TIPO_OBRA (CODIGO_TIPO_OBRA, DESCRICAO_TIPO_OBRA) values (null, ?)
Hibernate: select categoryen0_.CODIGO_TIPO_OBRA as codigo_t1_10_, categoryen0_.DESCRICAO_TIPO_OBRA as descrica2_10_ from TIPO_OBRA categoryen0_
]]></system-out>
  <system-err><![CDATA[mai 06, 2020 7:37:21 PM org.hibernate.jpa.internal.util.LogHelper logPersistenceUnitInformation
INFO: HHH000204: Processing PersistenceUnitInfo [name: libex7]
mai 06, 2020 7:37:21 PM org.hibernate.engine.jdbc.connections.internal.DriverManagerConnectionProviderImpl configure
WARN: HHH10001002: Using Hibernate built-in connection pool (not for production use!)
mai 06, 2020 7:37:21 PM org.hibernate.engine.jdbc.connections.internal.DriverManagerConnectionProviderImpl buildCreator
INFO: HHH10001005: using driver [org.h2.Driver] at URL [jdbc:h2:mem:libex7db;MODE=MYSQL;DB_CLOSE_DELAY=-1;DB_CLOSE_ON_EXIT=FALSE;INIT=runscript from 'classpath:create_schema_libex7.sql']
mai 06, 2020 7:37:21 PM org.hibernate.engine.jdbc.connections.internal.DriverManagerConnectionProviderImpl buildCreator
INFO: HHH10001001: Connection properties: {user=sa, password=****}
mai 06, 2020 7:37:21 PM org.hibernate.engine.jdbc.connections.internal.DriverManagerConnectionProviderImpl buildCreator
INFO: HHH10001003: Autocommit mode: false
mai 06, 2020 7:37:21 PM org.hibernate.engine.jdbc.connections.internal.DriverManagerConnectionProviderImpl$PooledConnections <init>
INFO: HHH000115: Hibernate connection pool size: 20 (min=1)
mai 06, 2020 7:37:22 PM org.hibernate.dialect.Dialect <init>
INFO: HHH000400: Using dialect: org.hibernate.dialect.H2Dialect
mai 06, 2020 7:37:22 PM org.hibernate.mapping.RootClass checkCompositeIdentifier
WARN: HHH000038: Composite-id class does not override equals(): br.edu.utfpr.libex7.adapters.persistence.entity.checkouts.CheckOutEntity$CheckOutEntityId
mai 06, 2020 7:37:22 PM org.hibernate.mapping.RootClass checkCompositeIdentifier
WARN: HHH000039: Composite-id class does not override hashCode(): br.edu.utfpr.libex7.adapters.persistence.entity.checkouts.CheckOutEntity$CheckOutEntityId
mai 06, 2020 7:37:22 PM org.hibernate.mapping.RootClass checkCompositeIdentifier
WARN: HHH000038: Composite-id class does not override equals(): br.edu.utfpr.libex7.adapters.persistence.entity.users.UserEntity$PhoneEntity$PhoneEntityId
mai 06, 2020 7:37:22 PM org.hibernate.mapping.RootClass checkCompositeIdentifier
WARN: HHH000039: Composite-id class does not override hashCode(): br.edu.utfpr.libex7.adapters.persistence.entity.users.UserEntity$PhoneEntity$PhoneEntityId
mai 06, 2020 7:37:22 PM org.hibernate.tuple.PojoInstantiator <init>
INFO: HHH000182: No default (no-argument) constructor for class: br.edu.utfpr.libex7.adapters.persistence.entity.checkouts.CheckOutEntity$CheckInEntity (class must be instantiated by Interceptor)
mai 06, 2020 7:37:22 PM org.hibernate.engine.transaction.jta.platform.internal.JtaPlatformInitiator initiateService
INFO: HHH000490: Using JtaPlatform implementation: [org.hibernate.engine.transaction.jta.platform.internal.NoJtaPlatform]
]]></system-err>
</testsuite>
