<?xml version="1.0" encoding="UTF-8"?>
<testsuite name="br.edu.utfpr.libex7.adapters.persistence.service.phones.PhonePersistenceServiceTest" tests="2" skipped="0" failures="0" errors="0" timestamp="2020-05-02T19:24:03" hostname="home-pc" time="0.08">
  <properties/>
  <testcase name="givenNewPhoneWhenSaveThenReturnSavedPhone()" classname="br.edu.utfpr.libex7.adapters.persistence.service.phones.PhonePersistenceServiceTest" time="0.076"/>
  <testcase name="givenPhoneIdWhenSearchThenReturnPhone()" classname="br.edu.utfpr.libex7.adapters.persistence.service.phones.PhonePersistenceServiceTest" time="0.002"/>
  <system-out><![CDATA[]]></system-out>
  <system-err><![CDATA[]]></system-err>
</testsuite>
