<?xml version="1.0" encoding="UTF-8"?>
<testsuite name="br.edu.utfpr.libex7.adapters.persistence.mapper.phones.PhonePersistenceMapperTest" tests="2" skipped="0" failures="0" errors="0" timestamp="2020-05-02T19:24:04" hostname="home-pc" time="0.009">
  <properties/>
  <testcase name="givenPhoneDomainWhenMapThenReturnPhoneEntity()" classname="br.edu.utfpr.libex7.adapters.persistence.mapper.phones.PhonePersistenceMapperTest" time="0.007"/>
  <testcase name="givenPhoneEntityWhenMapThenReturnPhoneDomain()" classname="br.edu.utfpr.libex7.adapters.persistence.mapper.phones.PhonePersistenceMapperTest" time="0.001"/>
  <system-out><![CDATA[]]></system-out>
  <system-err><![CDATA[]]></system-err>
</testsuite>
