<?xml version="1.0" encoding="UTF-8"?>
<testsuite name="br.edu.utfpr.libex7.adapters.persistence.repository.authors.AuthorRepositoryTest" tests="4" skipped="0" failures="0" errors="0" timestamp="2020-05-03T19:29:39" hostname="home-pc" time="0.595">
  <properties/>
  <testcase name="givenExistingAuthorWhenFindByIdThenReturnAuthor()" classname="br.edu.utfpr.libex7.adapters.persistence.repository.authors.AuthorRepositoryTest" time="0.583"/>
  <testcase name="givenExistingAuthorsWhenFindAllThenReturnAuthorList()" classname="br.edu.utfpr.libex7.adapters.persistence.repository.authors.AuthorRepositoryTest" time="0.002"/>
  <testcase name="givenExistingAuthorWhenRemoveThenDoNothing()" classname="br.edu.utfpr.libex7.adapters.persistence.repository.authors.AuthorRepositoryTest" time="0.004"/>
  <testcase name="givenNewAuthorWhenSaveThenReturnSavedAuthor()" classname="br.edu.utfpr.libex7.adapters.persistence.repository.authors.AuthorRepositoryTest" time="0.003"/>
  <system-out><![CDATA[]]></system-out>
  <system-err><![CDATA[]]></system-err>
</testsuite>
