<?xml version="1.0" encoding="UTF-8"?>
<testsuite name="br.edu.utfpr.libex7.adapters.persistence.adapters.authors.AuthorPersistenceAdapterTest" tests="5" skipped="0" failures="0" errors="0" timestamp="2020-05-05T02:07:55" hostname="DESKTOP-LUUQ2JI" time="1.453">
  <properties/>
  <testcase name="givenAuthorIdWhenExistsThenReturnAuthor()" classname="br.edu.utfpr.libex7.adapters.persistence.adapters.authors.AuthorPersistenceAdapterTest" time="1.29"/>
  <testcase name="givenExistingAuthorWhenRemoveThenDoNothing()" classname="br.edu.utfpr.libex7.adapters.persistence.adapters.authors.AuthorPersistenceAdapterTest" time="0.018"/>
  <testcase name="givenNewAuthorWhenSaveThenReturnSavedAuthor()" classname="br.edu.utfpr.libex7.adapters.persistence.adapters.authors.AuthorPersistenceAdapterTest" time="0.136"/>
  <testcase name="givenAuthorIdWhenNotExistsThenReturnAuthor()" classname="br.edu.utfpr.libex7.adapters.persistence.adapters.authors.AuthorPersistenceAdapterTest" time="0.003"/>
  <testcase name="givenFindAllMethodWhenIsCalledThenReturnAuthorList()" classname="br.edu.utfpr.libex7.adapters.persistence.adapters.authors.AuthorPersistenceAdapterTest" time="0.003"/>
  <system-out><![CDATA[]]></system-out>
  <system-err><![CDATA[]]></system-err>
</testsuite>
