<?xml version="1.0" encoding="UTF-8"?>
<testsuite name="br.edu.utfpr.libex7.adapters.persistence.service.authors.AuthorPersistenceServiceTest" tests="5" skipped="0" failures="0" errors="0" timestamp="2020-05-04T21:35:58" hostname="DESKTOP-LUUQ2JI" time="0.399">
  <properties/>
  <testcase name="givenAuthorIdWhenExistsThenReturnAuthor()" classname="br.edu.utfpr.libex7.adapters.persistence.service.authors.AuthorPersistenceServiceTest" time="0.383"/>
  <testcase name="givenExistingAuthorWhenRemoveThenDoNothing()" classname="br.edu.utfpr.libex7.adapters.persistence.service.authors.AuthorPersistenceServiceTest" time="0.002"/>
  <testcase name="givenNewAuthorWhenSaveThenReturnSavedAuthor()" classname="br.edu.utfpr.libex7.adapters.persistence.service.authors.AuthorPersistenceServiceTest" time="0.005"/>
  <testcase name="givenAuthorIdWhenNotExistsThenReturnAuthor()" classname="br.edu.utfpr.libex7.adapters.persistence.service.authors.AuthorPersistenceServiceTest" time="0.002"/>
  <testcase name="givenFindAllMethodWhenIsCalledThenReturnAuthorList()" classname="br.edu.utfpr.libex7.adapters.persistence.service.authors.AuthorPersistenceServiceTest" time="0.004"/>
  <system-out><![CDATA[]]></system-out>
  <system-err><![CDATA[]]></system-err>
</testsuite>
