<?xml version="1.0" encoding="UTF-8"?>
<testsuite name="br.edu.utfpr.libex7.adapters.persistence.mapper.users.StudentPersistenceMapperTest" tests="2" skipped="0" failures="0" errors="0" timestamp="2020-05-04T21:35:58" hostname="DESKTOP-LUUQ2JI" time="0.01">
  <properties/>
  <testcase name="givenUserEntityWhenMapThenReturnUserDomain()" classname="br.edu.utfpr.libex7.adapters.persistence.mapper.users.StudentPersistenceMapperTest" time="0.005"/>
  <testcase name="givenUserDomainWhenMapThenReturnUserEntity()" classname="br.edu.utfpr.libex7.adapters.persistence.mapper.users.StudentPersistenceMapperTest" time="0.003"/>
  <system-out><![CDATA[]]></system-out>
  <system-err><![CDATA[]]></system-err>
</testsuite>
