<?xml version="1.0" encoding="UTF-8"?>
<testsuite name="br.edu.utfpr.libex7.adapters.persistence.repository.ConnectionFactoryTest" tests="1" skipped="0" failures="0" errors="0" timestamp="2020-05-02T19:24:04" hostname="home-pc" time="0.001">
  <properties/>
  <testcase name="givenGetInstanceMethodWhenIsCalledThenReturnConnection()" classname="br.edu.utfpr.libex7.adapters.persistence.repository.ConnectionFactoryTest" time="0.001"/>
  <system-out><![CDATA[]]></system-out>
  <system-err><![CDATA[]]></system-err>
</testsuite>
