<?xml version="1.0" encoding="UTF-8"?>
<testsuite name="br.edu.utfpr.libex7.adapters.persistence.mapper.copies.CopyPersistenceMapperTest" tests="2" skipped="0" failures="0" errors="0" timestamp="2020-05-08T17:03:01" hostname="DESKTOP-LUUQ2JI" time="0.003">
  <properties/>
  <testcase name="givenBookEntityWhenMapThenReturnBookDomain()" classname="br.edu.utfpr.libex7.adapters.persistence.mapper.copies.CopyPersistenceMapperTest" time="0.001"/>
  <testcase name="givenBookDomainWhenMapThenReturnBookEntity()" classname="br.edu.utfpr.libex7.adapters.persistence.mapper.copies.CopyPersistenceMapperTest" time="0.001"/>
  <system-out><![CDATA[]]></system-out>
  <system-err><![CDATA[]]></system-err>
</testsuite>
