<?xml version="1.0" encoding="UTF-8"?>
<testsuite name="br.edu.utfpr.libex7.adapters.persistence.service.category.CategoryPersistenceServiceTest" tests="5" skipped="0" failures="0" errors="0" timestamp="2020-05-04T21:35:59" hostname="DESKTOP-LUUQ2JI" time="0.075">
  <properties/>
  <testcase name="givenExistingCategoryWhenRemoveThenDoNothing()" classname="br.edu.utfpr.libex7.adapters.persistence.service.category.CategoryPersistenceServiceTest" time="0.056"/>
  <testcase name="givenCategoryIdWhenExistsThenReturnCategory()" classname="br.edu.utfpr.libex7.adapters.persistence.service.category.CategoryPersistenceServiceTest" time="0.004"/>
  <testcase name="givenFindAllMethodWhenIsCalledThenReturnCategoryList()" classname="br.edu.utfpr.libex7.adapters.persistence.service.category.CategoryPersistenceServiceTest" time="0.003"/>
  <testcase name="givenNewCategoryWhenSaveThenReturnSavedCategory()" classname="br.edu.utfpr.libex7.adapters.persistence.service.category.CategoryPersistenceServiceTest" time="0.003"/>
  <testcase name="givenCategoryIdWhenNotExistsThenReturnCategory()" classname="br.edu.utfpr.libex7.adapters.persistence.service.category.CategoryPersistenceServiceTest" time="0.002"/>
  <system-out><![CDATA[]]></system-out>
  <system-err><![CDATA[]]></system-err>
</testsuite>
