<?xml version="1.0" encoding="UTF-8"?>
<testsuite name="br.edu.utfpr.libex7.adapters.persistence.adapters.copies.CopyPersistenceAdapterTest" tests="5" skipped="0" failures="0" errors="0" timestamp="2020-05-06T22:37:16" hostname="DESKTOP-LUUQ2JI" time="0.052">
  <properties/>
  <testcase name="givenCopyIdWhenExistsThenReturnCopy()" classname="br.edu.utfpr.libex7.adapters.persistence.adapters.copies.CopyPersistenceAdapterTest" time="0.042"/>
  <testcase name="givenExistingCopyWhenRemoveThenDoNothing()" classname="br.edu.utfpr.libex7.adapters.persistence.adapters.copies.CopyPersistenceAdapterTest" time="0.001"/>
  <testcase name="givenCopyIdWhenNotExistsThenReturnCopy()" classname="br.edu.utfpr.libex7.adapters.persistence.adapters.copies.CopyPersistenceAdapterTest" time="0.002"/>
  <testcase name="givenNewCopyWhenSaveThenReturnSavedCopy()" classname="br.edu.utfpr.libex7.adapters.persistence.adapters.copies.CopyPersistenceAdapterTest" time="0.002"/>
  <testcase name="givenFindAllMethodWhenIsCalledThenReturnCopyList()" classname="br.edu.utfpr.libex7.adapters.persistence.adapters.copies.CopyPersistenceAdapterTest" time="0.001"/>
  <system-out><![CDATA[]]></system-out>
  <system-err><![CDATA[]]></system-err>
</testsuite>
